 =========================>     TALLY 1: FLUX     <=========================

 Mesh Index (1, 1, 1)
   Total Material
     Flux                                 63.2833 +/- 0.0284614
     Fission Rate                         0.0718571 +/- 0.000117099
 Mesh Index (2, 1, 1)
   Total Material
     Flux                                 63.3424 +/- 0.0293705
     Fission Rate                         0.0711549 +/- 0.000124505
 Mesh Index (1, 2, 1)
   Total Material
     Flux                                 63.3107 +/- 0.0341402
     Fission Rate                         0.0710289 +/- 0.000125394
 Mesh Index (2, 2, 1)
   Total Material
     Flux                                 63.3041 +/- 0.0346911
     Fission Rate                         0.0714361 +/- 0.000110674
 Mesh Index (1, 1, 2)
   Total Material
     Flux                                 63.3241 +/- 0.0380599
     Fission Rate                         0.0710572 +/- 0.000109596
 Mesh Index (2, 1, 2)
   Total Material
     Flux                                 63.2975 +/- 0.036214
     Fission Rate                         0.0710072 +/- 0.000108272
 Mesh Index (1, 2, 2)
   Total Material
     Flux                                 63.3323 +/- 0.0378366
     Fission Rate                         0.0707994 +/- 0.000123922
 Mesh Index (2, 2, 2)
   Total Material
     Flux                                 63.2753 +/- 0.0496306
     Fission Rate                         0.0709922 +/- 0.000131547
