 =========================>     TALLY 1: FLUX     <=========================

 Mesh Index (1, 1, 1)
   Total Material
     Flux                                 63.5653 +/- 0.0334463
     Fission Rate                         0.0756676 +/- 0.000100592
 Mesh Index (2, 1, 1)
   Total Material
     Flux                                 63.5902 +/- 0.0289622
     Fission Rate                         0.074784 +/- 0.000124996
 Mesh Index (1, 2, 1)
   Total Material
     Flux                                 63.5758 +/- 0.0346343
     Fission Rate                         0.0745591 +/- 0.000113991
 Mesh Index (2, 2, 1)
   Total Material
     Flux                                 63.5861 +/- 0.0298275
     Fission Rate                         0.074939 +/- 0.00010091
 Mesh Index (1, 1, 2)
   Total Material
     Flux                                 63.602 +/- 0.0289145
     Fission Rate                         0.0746981 +/- 9.39155e-05
 Mesh Index (2, 1, 2)
   Total Material
     Flux                                 63.602 +/- 0.0346571
     Fission Rate                         0.0747137 +/- 0.000111374
 Mesh Index (1, 2, 2)
   Total Material
     Flux                                 63.607 +/- 0.033219
     Fission Rate                         0.0745618 +/- 0.000110149
 Mesh Index (2, 2, 2)
   Total Material
     Flux                                 63.6242 +/- 0.0275834
     Fission Rate                         0.0748386 +/- 0.000110855
