 =========================>     TALLY 1: FLUX     <=========================

 Mesh Index (1, 1, 1)
   Total Material
     Flux                                 65.2227 +/- 0.0410238
     Fission Rate                         0.0602923 +/- 9.24699e-05
 Mesh Index (2, 1, 1)
   Total Material
     Flux                                 65.224 +/- 0.0340406
     Fission Rate                         0.0595363 +/- 0.000105145
 Mesh Index (1, 2, 1)
   Total Material
     Flux                                 65.2377 +/- 0.0387484
     Fission Rate                         0.0596867 +/- 0.000109582
 Mesh Index (2, 2, 1)
   Total Material
     Flux                                 65.2401 +/- 0.0321663
     Fission Rate                         0.0598426 +/- 0.000101035
 Mesh Index (1, 1, 2)
   Total Material
     Flux                                 65.2339 +/- 0.0333265
     Fission Rate                         0.0594677 +/- 0.0001071
 Mesh Index (2, 1, 2)
   Total Material
     Flux                                 65.2115 +/- 0.029283
     Fission Rate                         0.0594466 +/- 0.00011808
 Mesh Index (1, 2, 2)
   Total Material
     Flux                                 65.1924 +/- 0.0339554
     Fission Rate                         0.0592801 +/- 0.000112801
 Mesh Index (2, 2, 2)
   Total Material
     Flux                                 65.1775 +/- 0.0303034
     Fission Rate                         0.0594378 +/- 0.000113492
